<?xml version="1.0" encoding="UTF-8"?>
<testsuite xmlns:xsi="http://www.w3.org/2001/XMLSchema-instance" xsi:noNamespaceSchemaLocation="https://maven.apache.org/surefire/maven-surefire-plugin/xsd/surefire-test-report.xsd" name="com.knoldus.springbootJPA.repository.CourseRepositoryTest" time="0.031" tests="1" errors="1" skipped="0" failures="0">
  <properties>
    <property name="java.specification.version" value="19"/>
    <property name="sun.jnu.encoding" value="UTF-8"/>
    <property name="java.class.path" value="/home/knoldus/Downloads/springbootJPA/target/test-classes:/home/knoldus/Downloads/springbootJPA/target/classes:/home/knoldus/.m2/repository/org/springframework/boot/spring-boot-starter-data-jpa/3.0.5/spring-boot-starter-data-jpa-3.0.5.jar:/home/knoldus/.m2/repository/org/springframework/boot/spring-boot-starter-aop/3.0.5/spring-boot-starter-aop-3.0.5.jar:/home/knoldus/.m2/repository/org/springframework/spring-aop/6.0.7/spring-aop-6.0.7.jar:/home/knoldus/.m2/repository/org/aspectj/aspectjweaver/1.9.19/aspectjweaver-1.9.19.jar:/home/knoldus/.m2/repository/org/springframework/boot/spring-boot-starter-jdbc/3.0.5/spring-boot-starter-jdbc-3.0.5.jar:/home/knoldus/.m2/repository/com/zaxxer/HikariCP/5.0.1/HikariCP-5.0.1.jar:/home/knoldus/.m2/repository/org/springframework/spring-jdbc/6.0.7/spring-jdbc-6.0.7.jar:/home/knoldus/.m2/repository/org/hibernate/orm/hibernate-core/6.1.7.Final/hibernate-core-6.1.7.Final.jar:/home/knoldus/.m2/repository/jakarta/persistence/jakarta.persistence-api/3.1.0/jakarta.persistence-api-3.1.0.jar:/home/knoldus/.m2/repository/jakarta/transaction/jakarta.transaction-api/2.0.1/jakarta.transaction-api-2.0.1.jar:/home/knoldus/.m2/repository/org/jboss/logging/jboss-logging/3.5.0.Final/jboss-logging-3.5.0.Final.jar:/home/knoldus/.m2/repository/org/hibernate/common/hibernate-commons-annotations/6.0.6.Final/hibernate-commons-annotations-6.0.6.Final.jar:/home/knoldus/.m2/repository/org/jboss/jandex/2.4.2.Final/jandex-2.4.2.Final.jar:/home/knoldus/.m2/repository/com/fasterxml/classmate/1.5.1/classmate-1.5.1.jar:/home/knoldus/.m2/repository/net/bytebuddy/byte-buddy/1.12.23/byte-buddy-1.12.23.jar:/home/knoldus/.m2/repository/org/glassfish/jaxb/jaxb-runtime/4.0.2/jaxb-runtime-4.0.2.jar:/home/knoldus/.m2/repository/org/glassfish/jaxb/jaxb-core/4.0.2/jaxb-core-4.0.2.jar:/home/knoldus/.m2/repository/org/eclipse/angus/angus-activation/2.0.0/angus-activation-2.0.0.jar:/home/knoldus/.m2/repository/org/glassfish/jaxb/txw2/4.0.2/txw2-4.0.2.jar:/home/knoldus/.m2/repository/com/sun/istack/istack-commons-runtime/4.1.1/istack-commons-runtime-4.1.1.jar:/home/knoldus/.m2/repository/jakarta/inject/jakarta.inject-api/2.0.0/jakarta.inject-api-2.0.0.jar:/home/knoldus/.m2/repository/org/antlr/antlr4-runtime/4.10.1/antlr4-runtime-4.10.1.jar:/home/knoldus/.m2/repository/org/springframework/data/spring-data-jpa/3.0.4/spring-data-jpa-3.0.4.jar:/home/knoldus/.m2/repository/org/springframework/data/spring-data-commons/3.0.4/spring-data-commons-3.0.4.jar:/home/knoldus/.m2/repository/org/springframework/spring-orm/6.0.7/spring-orm-6.0.7.jar:/home/knoldus/.m2/repository/org/springframework/spring-context/6.0.7/spring-context-6.0.7.jar:/home/knoldus/.m2/repository/org/springframework/spring-tx/6.0.7/spring-tx-6.0.7.jar:/home/knoldus/.m2/repository/org/springframework/spring-beans/6.0.7/spring-beans-6.0.7.jar:/home/knoldus/.m2/repository/jakarta/annotation/jakarta.annotation-api/2.1.1/jakarta.annotation-api-2.1.1.jar:/home/knoldus/.m2/repository/org/slf4j/slf4j-api/2.0.7/slf4j-api-2.0.7.jar:/home/knoldus/.m2/repository/org/springframework/spring-aspects/6.0.7/spring-aspects-6.0.7.jar:/home/knoldus/.m2/repository/org/springframework/boot/spring-boot-starter-web/3.0.5/spring-boot-starter-web-3.0.5.jar:/home/knoldus/.m2/repository/org/springframework/boot/spring-boot-starter/3.0.5/spring-boot-starter-3.0.5.jar:/home/knoldus/.m2/repository/org/springframework/boot/spring-boot/3.0.5/spring-boot-3.0.5.jar:/home/knoldus/.m2/repository/org/springframework/boot/spring-boot-autoconfigure/3.0.5/spring-boot-autoconfigure-3.0.5.jar:/home/knoldus/.m2/repository/org/springframework/boot/spring-boot-starter-logging/3.0.5/spring-boot-starter-logging-3.0.5.jar:/home/knoldus/.m2/repository/ch/qos/logback/logback-classic/1.4.6/logback-classic-1.4.6.jar:/home/knoldus/.m2/repository/ch/qos/logback/logback-core/1.4.6/logback-core-1.4.6.jar:/home/knoldus/.m2/repository/org/apache/logging/log4j/log4j-to-slf4j/2.19.0/log4j-to-slf4j-2.19.0.jar:/home/knoldus/.m2/repository/org/apache/logging/log4j/log4j-api/2.19.0/log4j-api-2.19.0.jar:/home/knoldus/.m2/repository/org/slf4j/jul-to-slf4j/2.0.7/jul-to-slf4j-2.0.7.jar:/home/knoldus/.m2/repository/org/yaml/snakeyaml/1.33/snakeyaml-1.33.jar:/home/knoldus/.m2/repository/org/springframework/boot/spring-boot-starter-json/3.0.5/spring-boot-starter-json-3.0.5.jar:/home/knoldus/.m2/repository/com/fasterxml/jackson/core/jackson-databind/2.14.2/jackson-databind-2.14.2.jar:/home/knoldus/.m2/repository/com/fasterxml/jackson/core/jackson-annotations/2.14.2/jackson-annotations-2.14.2.jar:/home/knoldus/.m2/repository/com/fasterxml/jackson/core/jackson-core/2.14.2/jackson-core-2.14.2.jar:/home/knoldus/.m2/repository/com/fasterxml/jackson/datatype/jackson-datatype-jdk8/2.14.2/jackson-datatype-jdk8-2.14.2.jar:/home/knoldus/.m2/repository/com/fasterxml/jackson/datatype/jackson-datatype-jsr310/2.14.2/jackson-datatype-jsr310-2.14.2.jar:/home/knoldus/.m2/repository/com/fasterxml/jackson/module/jackson-module-parameter-names/2.14.2/jackson-module-parameter-names-2.14.2.jar:/home/knoldus/.m2/repository/org/springframework/boot/spring-boot-starter-tomcat/3.0.5/spring-boot-starter-tomcat-3.0.5.jar:/home/knoldus/.m2/repository/org/apache/tomcat/embed/tomcat-embed-websocket/10.1.7/tomcat-embed-websocket-10.1.7.jar:/home/knoldus/.m2/repository/org/springframework/spring-web/6.0.7/spring-web-6.0.7.jar:/home/knoldus/.m2/repository/io/micrometer/micrometer-observation/1.10.5/micrometer-observation-1.10.5.jar:/home/knoldus/.m2/repository/io/micrometer/micrometer-commons/1.10.5/micrometer-commons-1.10.5.jar:/home/knoldus/.m2/repository/org/springframework/spring-webmvc/6.0.7/spring-webmvc-6.0.7.jar:/home/knoldus/.m2/repository/org/springframework/spring-expression/6.0.7/spring-expression-6.0.7.jar:/home/knoldus/.m2/repository/com/mysql/mysql-connector-j/8.0.32/mysql-connector-j-8.0.32.jar:/home/knoldus/.m2/repository/org/projectlombok/lombok/1.18.26/lombok-1.18.26.jar:/home/knoldus/.m2/repository/org/springframework/boot/spring-boot-starter-test/3.0.5/spring-boot-starter-test-3.0.5.jar:/home/knoldus/.m2/repository/org/springframework/boot/spring-boot-test/3.0.5/spring-boot-test-3.0.5.jar:/home/knoldus/.m2/repository/org/springframework/boot/spring-boot-test-autoconfigure/3.0.5/spring-boot-test-autoconfigure-3.0.5.jar:/home/knoldus/.m2/repository/com/jayway/jsonpath/json-path/2.7.0/json-path-2.7.0.jar:/home/knoldus/.m2/repository/net/minidev/json-smart/2.4.10/json-smart-2.4.10.jar:/home/knoldus/.m2/repository/net/minidev/accessors-smart/2.4.9/accessors-smart-2.4.9.jar:/home/knoldus/.m2/repository/org/ow2/asm/asm/9.3/asm-9.3.jar:/home/knoldus/.m2/repository/jakarta/xml/bind/jakarta.xml.bind-api/4.0.0/jakarta.xml.bind-api-4.0.0.jar:/home/knoldus/.m2/repository/jakarta/activation/jakarta.activation-api/2.1.1/jakarta.activation-api-2.1.1.jar:/home/knoldus/.m2/repository/org/assertj/assertj-core/3.23.1/assertj-core-3.23.1.jar:/home/knoldus/.m2/repository/org/hamcrest/hamcrest/2.2/hamcrest-2.2.jar:/home/knoldus/.m2/repository/org/junit/jupiter/junit-jupiter/5.9.2/junit-jupiter-5.9.2.jar:/home/knoldus/.m2/repository/org/junit/jupiter/junit-jupiter-api/5.9.2/junit-jupiter-api-5.9.2.jar:/home/knoldus/.m2/repository/org/opentest4j/opentest4j/1.2.0/opentest4j-1.2.0.jar:/home/knoldus/.m2/repository/org/junit/platform/junit-platform-commons/1.9.2/junit-platform-commons-1.9.2.jar:/home/knoldus/.m2/repository/org/apiguardian/apiguardian-api/1.1.2/apiguardian-api-1.1.2.jar:/home/knoldus/.m2/repository/org/junit/jupiter/junit-jupiter-params/5.9.2/junit-jupiter-params-5.9.2.jar:/home/knoldus/.m2/repository/org/junit/jupiter/junit-jupiter-engine/5.9.2/junit-jupiter-engine-5.9.2.jar:/home/knoldus/.m2/repository/org/junit/platform/junit-platform-engine/1.9.2/junit-platform-engine-1.9.2.jar:/home/knoldus/.m2/repository/org/mockito/mockito-core/4.8.1/mockito-core-4.8.1.jar:/home/knoldus/.m2/repository/net/bytebuddy/byte-buddy-agent/1.12.23/byte-buddy-agent-1.12.23.jar:/home/knoldus/.m2/repository/org/objenesis/objenesis/3.2/objenesis-3.2.jar:/home/knoldus/.m2/repository/org/mockito/mockito-junit-jupiter/4.8.1/mockito-junit-jupiter-4.8.1.jar:/home/knoldus/.m2/repository/org/skyscreamer/jsonassert/1.5.1/jsonassert-1.5.1.jar:/home/knoldus/.m2/repository/com/vaadin/external/google/android-json/0.0.20131108.vaadin1/android-json-0.0.20131108.vaadin1.jar:/home/knoldus/.m2/repository/org/springframework/spring-core/6.0.7/spring-core-6.0.7.jar:/home/knoldus/.m2/repository/org/springframework/spring-jcl/6.0.7/spring-jcl-6.0.7.jar:/home/knoldus/.m2/repository/org/springframework/spring-test/6.0.7/spring-test-6.0.7.jar:/home/knoldus/.m2/repository/org/xmlunit/xmlunit-core/2.9.1/xmlunit-core-2.9.1.jar:/home/knoldus/.m2/repository/org/apache/tomcat/embed/tomcat-embed-jasper/10.1.7/tomcat-embed-jasper-10.1.7.jar:/home/knoldus/.m2/repository/org/apache/tomcat/embed/tomcat-embed-core/10.1.7/tomcat-embed-core-10.1.7.jar:/home/knoldus/.m2/repository/org/apache/tomcat/tomcat-annotations-api/10.1.7/tomcat-annotations-api-10.1.7.jar:/home/knoldus/.m2/repository/org/apache/tomcat/embed/tomcat-embed-el/10.1.7/tomcat-embed-el-10.1.7.jar:/home/knoldus/.m2/repository/org/eclipse/jdt/ecj/3.32.0/ecj-3.32.0.jar:/home/knoldus/.m2/repository/junit/junit/4.13.2/junit-4.13.2.jar:/home/knoldus/.m2/repository/org/hamcrest/hamcrest-core/2.2/hamcrest-core-2.2.jar:/home/knoldus/.m2/repository/org/sonarsource/scanner/maven/sonar-maven-plugin/3.9.1.2184/sonar-maven-plugin-3.9.1.2184.jar:/home/knoldus/.m2/repository/org/sonatype/plexus/plexus-sec-dispatcher/1.4/plexus-sec-dispatcher-1.4.jar:/home/knoldus/.m2/repository/org/sonatype/plexus/plexus-cipher/1.4/plexus-cipher-1.4.jar:/home/knoldus/.m2/repository/org/codehaus/plexus/plexus-utils/3.2.1/plexus-utils-3.2.1.jar:/home/knoldus/.m2/repository/org/sonarsource/scanner/api/sonar-scanner-api/2.16.2.588/sonar-scanner-api-2.16.2.588.jar:/home/knoldus/.m2/repository/commons-lang/commons-lang/2.6/commons-lang-2.6.jar:"/>
    <property name="java.vm.vendor" value="Oracle Corporation"/>
    <property name="sun.arch.data.model" value="64"/>
    <property name="java.vendor.url" value="https://java.oracle.com/"/>
    <property name="os.name" value="Linux"/>
    <property name="java.vm.specification.version" value="19"/>
    <property name="sun.java.launcher" value="SUN_STANDARD"/>
    <property name="user.country" value="IN"/>
    <property name="sun.boot.library.path" value="/home/knoldus/.jdks/openjdk-19.0.2/lib"/>
    <property name="sun.java.command" value="/home/knoldus/Downloads/springbootJPA/target/surefire/surefirebooter14136445154517012493.jar /home/knoldus/Downloads/springbootJPA/target/surefire 2023-04-22T22-47-17_200-jvmRun1 surefire3539963526635591366tmp surefire_016640047117147918835tmp"/>
    <property name="jdk.debug" value="release"/>
    <property name="surefire.test.class.path" value="/home/knoldus/Downloads/springbootJPA/target/test-classes:/home/knoldus/Downloads/springbootJPA/target/classes:/home/knoldus/.m2/repository/org/springframework/boot/spring-boot-starter-data-jpa/3.0.5/spring-boot-starter-data-jpa-3.0.5.jar:/home/knoldus/.m2/repository/org/springframework/boot/spring-boot-starter-aop/3.0.5/spring-boot-starter-aop-3.0.5.jar:/home/knoldus/.m2/repository/org/springframework/spring-aop/6.0.7/spring-aop-6.0.7.jar:/home/knoldus/.m2/repository/org/aspectj/aspectjweaver/1.9.19/aspectjweaver-1.9.19.jar:/home/knoldus/.m2/repository/org/springframework/boot/spring-boot-starter-jdbc/3.0.5/spring-boot-starter-jdbc-3.0.5.jar:/home/knoldus/.m2/repository/com/zaxxer/HikariCP/5.0.1/HikariCP-5.0.1.jar:/home/knoldus/.m2/repository/org/springframework/spring-jdbc/6.0.7/spring-jdbc-6.0.7.jar:/home/knoldus/.m2/repository/org/hibernate/orm/hibernate-core/6.1.7.Final/hibernate-core-6.1.7.Final.jar:/home/knoldus/.m2/repository/jakarta/persistence/jakarta.persistence-api/3.1.0/jakarta.persistence-api-3.1.0.jar:/home/knoldus/.m2/repository/jakarta/transaction/jakarta.transaction-api/2.0.1/jakarta.transaction-api-2.0.1.jar:/home/knoldus/.m2/repository/org/jboss/logging/jboss-logging/3.5.0.Final/jboss-logging-3.5.0.Final.jar:/home/knoldus/.m2/repository/org/hibernate/common/hibernate-commons-annotations/6.0.6.Final/hibernate-commons-annotations-6.0.6.Final.jar:/home/knoldus/.m2/repository/org/jboss/jandex/2.4.2.Final/jandex-2.4.2.Final.jar:/home/knoldus/.m2/repository/com/fasterxml/classmate/1.5.1/classmate-1.5.1.jar:/home/knoldus/.m2/repository/net/bytebuddy/byte-buddy/1.12.23/byte-buddy-1.12.23.jar:/home/knoldus/.m2/repository/org/glassfish/jaxb/jaxb-runtime/4.0.2/jaxb-runtime-4.0.2.jar:/home/knoldus/.m2/repository/org/glassfish/jaxb/jaxb-core/4.0.2/jaxb-core-4.0.2.jar:/home/knoldus/.m2/repository/org/eclipse/angus/angus-activation/2.0.0/angus-activation-2.0.0.jar:/home/knoldus/.m2/repository/org/glassfish/jaxb/txw2/4.0.2/txw2-4.0.2.jar:/home/knoldus/.m2/repository/com/sun/istack/istack-commons-runtime/4.1.1/istack-commons-runtime-4.1.1.jar:/home/knoldus/.m2/repository/jakarta/inject/jakarta.inject-api/2.0.0/jakarta.inject-api-2.0.0.jar:/home/knoldus/.m2/repository/org/antlr/antlr4-runtime/4.10.1/antlr4-runtime-4.10.1.jar:/home/knoldus/.m2/repository/org/springframework/data/spring-data-jpa/3.0.4/spring-data-jpa-3.0.4.jar:/home/knoldus/.m2/repository/org/springframework/data/spring-data-commons/3.0.4/spring-data-commons-3.0.4.jar:/home/knoldus/.m2/repository/org/springframework/spring-orm/6.0.7/spring-orm-6.0.7.jar:/home/knoldus/.m2/repository/org/springframework/spring-context/6.0.7/spring-context-6.0.7.jar:/home/knoldus/.m2/repository/org/springframework/spring-tx/6.0.7/spring-tx-6.0.7.jar:/home/knoldus/.m2/repository/org/springframework/spring-beans/6.0.7/spring-beans-6.0.7.jar:/home/knoldus/.m2/repository/jakarta/annotation/jakarta.annotation-api/2.1.1/jakarta.annotation-api-2.1.1.jar:/home/knoldus/.m2/repository/org/slf4j/slf4j-api/2.0.7/slf4j-api-2.0.7.jar:/home/knoldus/.m2/repository/org/springframework/spring-aspects/6.0.7/spring-aspects-6.0.7.jar:/home/knoldus/.m2/repository/org/springframework/boot/spring-boot-starter-web/3.0.5/spring-boot-starter-web-3.0.5.jar:/home/knoldus/.m2/repository/org/springframework/boot/spring-boot-starter/3.0.5/spring-boot-starter-3.0.5.jar:/home/knoldus/.m2/repository/org/springframework/boot/spring-boot/3.0.5/spring-boot-3.0.5.jar:/home/knoldus/.m2/repository/org/springframework/boot/spring-boot-autoconfigure/3.0.5/spring-boot-autoconfigure-3.0.5.jar:/home/knoldus/.m2/repository/org/springframework/boot/spring-boot-starter-logging/3.0.5/spring-boot-starter-logging-3.0.5.jar:/home/knoldus/.m2/repository/ch/qos/logback/logback-classic/1.4.6/logback-classic-1.4.6.jar:/home/knoldus/.m2/repository/ch/qos/logback/logback-core/1.4.6/logback-core-1.4.6.jar:/home/knoldus/.m2/repository/org/apache/logging/log4j/log4j-to-slf4j/2.19.0/log4j-to-slf4j-2.19.0.jar:/home/knoldus/.m2/repository/org/apache/logging/log4j/log4j-api/2.19.0/log4j-api-2.19.0.jar:/home/knoldus/.m2/repository/org/slf4j/jul-to-slf4j/2.0.7/jul-to-slf4j-2.0.7.jar:/home/knoldus/.m2/repository/org/yaml/snakeyaml/1.33/snakeyaml-1.33.jar:/home/knoldus/.m2/repository/org/springframework/boot/spring-boot-starter-json/3.0.5/spring-boot-starter-json-3.0.5.jar:/home/knoldus/.m2/repository/com/fasterxml/jackson/core/jackson-databind/2.14.2/jackson-databind-2.14.2.jar:/home/knoldus/.m2/repository/com/fasterxml/jackson/core/jackson-annotations/2.14.2/jackson-annotations-2.14.2.jar:/home/knoldus/.m2/repository/com/fasterxml/jackson/core/jackson-core/2.14.2/jackson-core-2.14.2.jar:/home/knoldus/.m2/repository/com/fasterxml/jackson/datatype/jackson-datatype-jdk8/2.14.2/jackson-datatype-jdk8-2.14.2.jar:/home/knoldus/.m2/repository/com/fasterxml/jackson/datatype/jackson-datatype-jsr310/2.14.2/jackson-datatype-jsr310-2.14.2.jar:/home/knoldus/.m2/repository/com/fasterxml/jackson/module/jackson-module-parameter-names/2.14.2/jackson-module-parameter-names-2.14.2.jar:/home/knoldus/.m2/repository/org/springframework/boot/spring-boot-starter-tomcat/3.0.5/spring-boot-starter-tomcat-3.0.5.jar:/home/knoldus/.m2/repository/org/apache/tomcat/embed/tomcat-embed-websocket/10.1.7/tomcat-embed-websocket-10.1.7.jar:/home/knoldus/.m2/repository/org/springframework/spring-web/6.0.7/spring-web-6.0.7.jar:/home/knoldus/.m2/repository/io/micrometer/micrometer-observation/1.10.5/micrometer-observation-1.10.5.jar:/home/knoldus/.m2/repository/io/micrometer/micrometer-commons/1.10.5/micrometer-commons-1.10.5.jar:/home/knoldus/.m2/repository/org/springframework/spring-webmvc/6.0.7/spring-webmvc-6.0.7.jar:/home/knoldus/.m2/repository/org/springframework/spring-expression/6.0.7/spring-expression-6.0.7.jar:/home/knoldus/.m2/repository/com/mysql/mysql-connector-j/8.0.32/mysql-connector-j-8.0.32.jar:/home/knoldus/.m2/repository/org/projectlombok/lombok/1.18.26/lombok-1.18.26.jar:/home/knoldus/.m2/repository/org/springframework/boot/spring-boot-starter-test/3.0.5/spring-boot-starter-test-3.0.5.jar:/home/knoldus/.m2/repository/org/springframework/boot/spring-boot-test/3.0.5/spring-boot-test-3.0.5.jar:/home/knoldus/.m2/repository/org/springframework/boot/spring-boot-test-autoconfigure/3.0.5/spring-boot-test-autoconfigure-3.0.5.jar:/home/knoldus/.m2/repository/com/jayway/jsonpath/json-path/2.7.0/json-path-2.7.0.jar:/home/knoldus/.m2/repository/net/minidev/json-smart/2.4.10/json-smart-2.4.10.jar:/home/knoldus/.m2/repository/net/minidev/accessors-smart/2.4.9/accessors-smart-2.4.9.jar:/home/knoldus/.m2/repository/org/ow2/asm/asm/9.3/asm-9.3.jar:/home/knoldus/.m2/repository/jakarta/xml/bind/jakarta.xml.bind-api/4.0.0/jakarta.xml.bind-api-4.0.0.jar:/home/knoldus/.m2/repository/jakarta/activation/jakarta.activation-api/2.1.1/jakarta.activation-api-2.1.1.jar:/home/knoldus/.m2/repository/org/assertj/assertj-core/3.23.1/assertj-core-3.23.1.jar:/home/knoldus/.m2/repository/org/hamcrest/hamcrest/2.2/hamcrest-2.2.jar:/home/knoldus/.m2/repository/org/junit/jupiter/junit-jupiter/5.9.2/junit-jupiter-5.9.2.jar:/home/knoldus/.m2/repository/org/junit/jupiter/junit-jupiter-api/5.9.2/junit-jupiter-api-5.9.2.jar:/home/knoldus/.m2/repository/org/opentest4j/opentest4j/1.2.0/opentest4j-1.2.0.jar:/home/knoldus/.m2/repository/org/junit/platform/junit-platform-commons/1.9.2/junit-platform-commons-1.9.2.jar:/home/knoldus/.m2/repository/org/apiguardian/apiguardian-api/1.1.2/apiguardian-api-1.1.2.jar:/home/knoldus/.m2/repository/org/junit/jupiter/junit-jupiter-params/5.9.2/junit-jupiter-params-5.9.2.jar:/home/knoldus/.m2/repository/org/junit/jupiter/junit-jupiter-engine/5.9.2/junit-jupiter-engine-5.9.2.jar:/home/knoldus/.m2/repository/org/junit/platform/junit-platform-engine/1.9.2/junit-platform-engine-1.9.2.jar:/home/knoldus/.m2/repository/org/mockito/mockito-core/4.8.1/mockito-core-4.8.1.jar:/home/knoldus/.m2/repository/net/bytebuddy/byte-buddy-agent/1.12.23/byte-buddy-agent-1.12.23.jar:/home/knoldus/.m2/repository/org/objenesis/objenesis/3.2/objenesis-3.2.jar:/home/knoldus/.m2/repository/org/mockito/mockito-junit-jupiter/4.8.1/mockito-junit-jupiter-4.8.1.jar:/home/knoldus/.m2/repository/org/skyscreamer/jsonassert/1.5.1/jsonassert-1.5.1.jar:/home/knoldus/.m2/repository/com/vaadin/external/google/android-json/0.0.20131108.vaadin1/android-json-0.0.20131108.vaadin1.jar:/home/knoldus/.m2/repository/org/springframework/spring-core/6.0.7/spring-core-6.0.7.jar:/home/knoldus/.m2/repository/org/springframework/spring-jcl/6.0.7/spring-jcl-6.0.7.jar:/home/knoldus/.m2/repository/org/springframework/spring-test/6.0.7/spring-test-6.0.7.jar:/home/knoldus/.m2/repository/org/xmlunit/xmlunit-core/2.9.1/xmlunit-core-2.9.1.jar:/home/knoldus/.m2/repository/org/apache/tomcat/embed/tomcat-embed-jasper/10.1.7/tomcat-embed-jasper-10.1.7.jar:/home/knoldus/.m2/repository/org/apache/tomcat/embed/tomcat-embed-core/10.1.7/tomcat-embed-core-10.1.7.jar:/home/knoldus/.m2/repository/org/apache/tomcat/tomcat-annotations-api/10.1.7/tomcat-annotations-api-10.1.7.jar:/home/knoldus/.m2/repository/org/apache/tomcat/embed/tomcat-embed-el/10.1.7/tomcat-embed-el-10.1.7.jar:/home/knoldus/.m2/repository/org/eclipse/jdt/ecj/3.32.0/ecj-3.32.0.jar:/home/knoldus/.m2/repository/junit/junit/4.13.2/junit-4.13.2.jar:/home/knoldus/.m2/repository/org/hamcrest/hamcrest-core/2.2/hamcrest-core-2.2.jar:/home/knoldus/.m2/repository/org/sonarsource/scanner/maven/sonar-maven-plugin/3.9.1.2184/sonar-maven-plugin-3.9.1.2184.jar:/home/knoldus/.m2/repository/org/sonatype/plexus/plexus-sec-dispatcher/1.4/plexus-sec-dispatcher-1.4.jar:/home/knoldus/.m2/repository/org/sonatype/plexus/plexus-cipher/1.4/plexus-cipher-1.4.jar:/home/knoldus/.m2/repository/org/codehaus/plexus/plexus-utils/3.2.1/plexus-utils-3.2.1.jar:/home/knoldus/.m2/repository/org/sonarsource/scanner/api/sonar-scanner-api/2.16.2.588/sonar-scanner-api-2.16.2.588.jar:/home/knoldus/.m2/repository/commons-lang/commons-lang/2.6/commons-lang-2.6.jar:"/>
    <property name="sun.cpu.endian" value="little"/>
    <property name="user.home" value="/home/knoldus"/>
    <property name="user.language" value="en"/>
    <property name="java.specification.vendor" value="Oracle Corporation"/>
    <property name="java.version.date" value="2023-01-17"/>
    <property name="java.home" value="/home/knoldus/.jdks/openjdk-19.0.2"/>
    <property name="file.separator" value="/"/>
    <property name="basedir" value="/home/knoldus/Downloads/springbootJPA"/>
    <property name="java.vm.compressedOopsMode" value="Zero based"/>
    <property name="line.separator" value="&#10;"/>
    <property name="java.specification.name" value="Java Platform API Specification"/>
    <property name="java.vm.specification.vendor" value="Oracle Corporation"/>
    <property name="surefire.real.class.path" value="/home/knoldus/Downloads/springbootJPA/target/surefire/surefirebooter14136445154517012493.jar"/>
    <property name="sun.management.compiler" value="HotSpot 64-Bit Tiered Compilers"/>
    <property name="java.runtime.version" value="19.0.2+7-44"/>
    <property name="user.name" value="knoldus"/>
    <property name="stdout.encoding" value="UTF-8"/>
    <property name="path.separator" value=":"/>
    <property name="os.version" value="5.15.0-69-generic"/>
    <property name="java.runtime.name" value="OpenJDK Runtime Environment"/>
    <property name="file.encoding" value="UTF-8"/>
    <property name="java.vm.name" value="OpenJDK 64-Bit Server VM"/>
    <property name="localRepository" value="/home/knoldus/.m2/repository"/>
    <property name="java.vendor.url.bug" value="https://bugreport.java.com/bugreport/"/>
    <property name="java.io.tmpdir" value="/tmp"/>
    <property name="idea.version" value="2022.3.2"/>
    <property name="java.version" value="19.0.2"/>
    <property name="user.dir" value="/home/knoldus/Downloads/springbootJPA"/>
    <property name="os.arch" value="amd64"/>
    <property name="java.vm.specification.name" value="Java Virtual Machine Specification"/>
    <property name="native.encoding" value="UTF-8"/>
    <property name="java.library.path" value="/usr/java/packages/lib:/usr/lib64:/lib64:/lib:/usr/lib"/>
    <property name="java.vm.info" value="mixed mode, sharing"/>
    <property name="stderr.encoding" value="UTF-8"/>
    <property name="java.vendor" value="Oracle Corporation"/>
    <property name="java.vm.version" value="19.0.2+7-44"/>
    <property name="sun.io.unicode.encoding" value="UnicodeLittle"/>
    <property name="java.class.version" value="63.0"/>
  </properties>
  <testcase name="printCourses" classname="com.knoldus.springbootJPA.repository.CourseRepositoryTest" time="0.03">
    <error message="More than one row with the given identifier was found: 2, for class: com.knoldus.springbootJPA.entity.CourseMaterial" type="org.springframework.orm.jpa.JpaSystemException">org.springframework.orm.jpa.JpaSystemException: More than one row with the given identifier was found: 2, for class: com.knoldus.springbootJPA.entity.CourseMaterial
	at com.knoldus.springbootJPA.repository.CourseRepositoryTest.printCourses(CourseRepositoryTest.java:21)
Caused by: org.hibernate.HibernateException: More than one row with the given identifier was found: 2, for class: com.knoldus.springbootJPA.entity.CourseMaterial
	at com.knoldus.springbootJPA.repository.CourseRepositoryTest.printCourses(CourseRepositoryTest.java:21)
</error>
    <system-out><![CDATA[2023-04-22T22:47:28.822+05:30 DEBUG 83447 --- [           main] .b.t.c.SpringBootTestContextBootstrapper : Neither @ContextConfiguration nor @ContextHierarchy found for test class [CourseRepositoryTest]: using SpringBootContextLoader
2023-04-22T22:47:28.823+05:30 DEBUG 83447 --- [           main] o.s.t.c.support.AbstractContextLoader    : Could not detect default resource locations for test class [com.knoldus.springbootJPA.repository.CourseRepositoryTest]: no resource found for suffixes {-context.xml, Context.groovy}.
2023-04-22T22:47:28.823+05:30  INFO 83447 --- [           main] t.c.s.AnnotationConfigContextLoaderUtils : Could not detect default configuration classes for test class [com.knoldus.springbootJPA.repository.CourseRepositoryTest]: CourseRepositoryTest does not declare any static, non-private, non-final, nested classes annotated with @Configuration.
2023-04-22T22:47:28.825+05:30 DEBUG 83447 --- [           main] .b.t.c.SpringBootTestContextBootstrapper : Using ContextCustomizers for test class [CourseRepositoryTest]: [ExcludeFilterContextCustomizer, DuplicateJsonObjectContextCustomizer, MockitoContextCustomizer, TestRestTemplateContextCustomizer, DisableObservabilityContextCustomizer, PropertyMappingContextCustomizer, Customizer]
2023-04-22T22:47:28.826+05:30  INFO 83447 --- [           main] .b.t.c.SpringBootTestContextBootstrapper : Found @SpringBootConfiguration com.knoldus.springbootJPA.SpringbootJpaApplication for test class com.knoldus.springbootJPA.repository.CourseRepositoryTest
2023-04-22T22:47:28.829+05:30 DEBUG 83447 --- [           main] .b.t.c.SpringBootTestContextBootstrapper : Using TestExecutionListeners for test class [CourseRepositoryTest]: [ServletTestExecutionListener, DirtiesContextBeforeModesTestExecutionListener, ApplicationEventsTestExecutionListener, MockitoTestExecutionListener, DependencyInjectionTestExecutionListener, DirtiesContextTestExecutionListener, TransactionalTestExecutionListener, SqlScriptsTestExecutionListener, EventPublishingTestExecutionListener, ResetMocksTestExecutionListener, RestDocsTestExecutionListener, MockRestServiceServerResetTestExecutionListener, MockMvcPrintOnlyOnFailureTestExecutionListener, WebDriverTestExecutionListener, MockWebServiceServerTestExecutionListener]
2023-04-22T22:47:28.829+05:30 DEBUG 83447 --- [           main] tractDirtiesContextTestExecutionListener : Before test class: class [CourseRepositoryTest], class annotated with @DirtiesContext [false] with mode [null]
2023-04-22T22:47:28.830+05:30 DEBUG 83447 --- [           main] org.springframework.test.context.cache   : Spring test ApplicationContext cache statistics: [DefaultContextCache@4af58e7b size = 1, maxSize = 32, parentContextCount = 0, hitCount = 113, missCount = 1]
2023-04-22T22:47:28.831+05:30 DEBUG 83447 --- [           main] org.springframework.test.context.cache   : Spring test ApplicationContext cache statistics: [DefaultContextCache@4af58e7b size = 1, maxSize = 32, parentContextCount = 0, hitCount = 114, missCount = 1]
2023-04-22T22:47:28.831+05:30 DEBUG 83447 --- [           main] o.s.t.c.w.ServletTestExecutionListener   : Setting up MockHttpServletRequest, MockHttpServletResponse, ServletWebRequest, and RequestContextHolder for test class com.knoldus.springbootJPA.repository.CourseRepositoryTest
2023-04-22T22:47:28.831+05:30 DEBUG 83447 --- [           main] DependencyInjectionTestExecutionListener : Performing dependency injection for test class com.knoldus.springbootJPA.repository.CourseRepositoryTest
2023-04-22T22:47:28.832+05:30 DEBUG 83447 --- [           main] org.springframework.test.context.cache   : Spring test ApplicationContext cache statistics: [DefaultContextCache@4af58e7b size = 1, maxSize = 32, parentContextCount = 0, hitCount = 115, missCount = 1]
2023-04-22T22:47:28.834+05:30 DEBUG 83447 --- [           main] org.springframework.test.context.cache   : Spring test ApplicationContext cache statistics: [DefaultContextCache@4af58e7b size = 1, maxSize = 32, parentContextCount = 0, hitCount = 116, missCount = 1]
2023-04-22T22:47:28.835+05:30 DEBUG 83447 --- [           main] tractDirtiesContextTestExecutionListener : Before test method: class [CourseRepositoryTest], method [printCourses], class annotated with @DirtiesContext [false] with mode [null], method annotated with @DirtiesContext [false] with mode [null]
2023-04-22T22:47:28.836+05:30 DEBUG 83447 --- [           main] org.springframework.test.context.cache   : Spring test ApplicationContext cache statistics: [DefaultContextCache@4af58e7b size = 1, maxSize = 32, parentContextCount = 0, hitCount = 117, missCount = 1]
2023-04-22T22:47:28.836+05:30 DEBUG 83447 --- [           main] org.springframework.test.context.cache   : Spring test ApplicationContext cache statistics: [DefaultContextCache@4af58e7b size = 1, maxSize = 32, parentContextCount = 0, hitCount = 118, missCount = 1]
2023-04-22T22:47:28.838+05:30 DEBUG 83447 --- [           main] org.springframework.test.context.cache   : Spring test ApplicationContext cache statistics: [DefaultContextCache@4af58e7b size = 1, maxSize = 32, parentContextCount = 0, hitCount = 119, missCount = 1]
2023-04-22T22:47:28.839+05:30 DEBUG 83447 --- [           main] o.s.orm.jpa.JpaTransactionManager        : Creating new transaction with name [org.springframework.data.jpa.repository.support.SimpleJpaRepository.findAll]: PROPAGATION_REQUIRED,ISOLATION_DEFAULT,readOnly
2023-04-22T22:47:28.839+05:30 DEBUG 83447 --- [           main] o.s.orm.jpa.JpaTransactionManager        : Opened new EntityManager [SessionImpl(848162783<open>)] for JPA transaction
2023-04-22T22:47:28.840+05:30 DEBUG 83447 --- [           main] o.s.jdbc.datasource.DataSourceUtils      : Setting JDBC Connection [HikariProxyConnection@1701503697 wrapping com.mysql.cj.jdbc.ConnectionImpl@276961df] read-only
2023-04-22T22:47:28.841+05:30 DEBUG 83447 --- [           main] o.s.orm.jpa.JpaTransactionManager        : Exposing JPA transaction as JDBC [org.springframework.orm.jpa.vendor.HibernateJpaDialect$HibernateConnectionHandle@14bca240]
Hibernate: select c1_0.course_id,c1_0.course_name from course c1_0
Hibernate: select c1_0.course_material_id,c1_0.course_id from course_material c1_0 where c1_0.course_id=?
Hibernate: select c1_0.course_material_id,c1_0.course_id from course_material c1_0 where c1_0.course_id=?
2023-04-22T22:47:28.867+05:30 DEBUG 83447 --- [           main] o.s.orm.jpa.JpaTransactionManager        : Initiating transaction rollback
2023-04-22T22:47:28.867+05:30 DEBUG 83447 --- [           main] o.s.orm.jpa.JpaTransactionManager        : Rolling back JPA transaction on EntityManager [SessionImpl(848162783<open>)]
2023-04-22T22:47:28.869+05:30 DEBUG 83447 --- [           main] o.s.jdbc.datasource.DataSourceUtils      : Resetting read-only flag of JDBC Connection [HikariProxyConnection@1701503697 wrapping com.mysql.cj.jdbc.ConnectionImpl@276961df]
2023-04-22T22:47:28.869+05:30 DEBUG 83447 --- [           main] o.s.orm.jpa.JpaTransactionManager        : Closing JPA EntityManager [SessionImpl(848162783<open>)] after transaction
2023-04-22T22:47:28.870+05:30 DEBUG 83447 --- [           main] org.springframework.test.context.cache   : Spring test ApplicationContext cache statistics: [DefaultContextCache@4af58e7b size = 1, maxSize = 32, parentContextCount = 0, hitCount = 120, missCount = 1]
2023-04-22T22:47:28.871+05:30 DEBUG 83447 --- [           main] org.springframework.test.context.cache   : Spring test ApplicationContext cache statistics: [DefaultContextCache@4af58e7b size = 1, maxSize = 32, parentContextCount = 0, hitCount = 121, missCount = 1]
2023-04-22T22:47:28.871+05:30 DEBUG 83447 --- [           main] org.springframework.test.context.cache   : Spring test ApplicationContext cache statistics: [DefaultContextCache@4af58e7b size = 1, maxSize = 32, parentContextCount = 0, hitCount = 122, missCount = 1]
2023-04-22T22:47:28.872+05:30 DEBUG 83447 --- [           main] org.springframework.test.context.cache   : Spring test ApplicationContext cache statistics: [DefaultContextCache@4af58e7b size = 1, maxSize = 32, parentContextCount = 0, hitCount = 123, missCount = 1]
2023-04-22T22:47:28.872+05:30 DEBUG 83447 --- [           main] org.springframework.test.context.cache   : Spring test ApplicationContext cache statistics: [DefaultContextCache@4af58e7b size = 1, maxSize = 32, parentContextCount = 0, hitCount = 124, missCount = 1]
2023-04-22T22:47:28.873+05:30 DEBUG 83447 --- [           main] org.springframework.test.context.cache   : Spring test ApplicationContext cache statistics: [DefaultContextCache@4af58e7b size = 1, maxSize = 32, parentContextCount = 0, hitCount = 125, missCount = 1]
2023-04-22T22:47:28.874+05:30 DEBUG 83447 --- [           main] tractDirtiesContextTestExecutionListener : After test method: class [CourseRepositoryTest], method [printCourses], class annotated with @DirtiesContext [false] with mode [null], method annotated with @DirtiesContext [false] with mode [null]
2023-04-22T22:47:28.874+05:30 DEBUG 83447 --- [           main] o.s.t.c.w.ServletTestExecutionListener   : Resetting RequestContextHolder for test class com.knoldus.springbootJPA.repository.CourseRepositoryTest
]]></system-out>
  </testcase>
</testsuite>